{"numFailedTestSuites":1,"numFailedTests":0,"numPassedTestSuites":0,"numPassedTests":0,"numPendingTestSuites":0,"numPendingTests":0,"numRuntimeErrorTestSuites":1,"numTodoTests":0,"numTotalTestSuites":1,"numTotalTests":0,"openHandles":[],"snapshot":{"added":0,"didUpdate":false,"failure":false,"filesAdded":0,"filesRemoved":0,"filesRemovedList":[],"filesUnmatched":0,"filesUpdated":0,"matched":0,"total":0,"unchecked":0,"uncheckedKeysByFile":[],"unmatched":0,"updated":0},"startTime":1772630997834,"success":false,"testResults":[{"assertionResults":[],"coverage":{},"endTime":1772630998610,"message":"  ● Test suite failed to run\n\n    SyntaxError: The requested module '../middlewares/auth.js' does not provide an export named 'requirePlan'\n\n    \u001b[0m \u001b[90m 26 |\u001b[39m }))\u001b[33m;\u001b[39m\n     \u001b[90m 27 |\u001b[39m\n    \u001b[31m\u001b[1m>\u001b[22m\u001b[39m\u001b[90m 28 |\u001b[39m \u001b[36mconst\u001b[39m aiRouter \u001b[33m=\u001b[39m (\u001b[36mawait\u001b[39m \u001b[36mimport\u001b[39m(\u001b[32m'../src/routes/ai.routes.js'\u001b[39m))\u001b[33m.\u001b[39m\u001b[36mdefault\u001b[39m\u001b[33m;\u001b[39m\n     \u001b[90m    |\u001b[39m                   \u001b[31m\u001b[1m^\u001b[22m\u001b[39m\n     \u001b[90m 29 |\u001b[39m\n     \u001b[90m 30 |\u001b[39m describe(\u001b[32m'AI Routes Unit Tests'\u001b[39m\u001b[33m,\u001b[39m () \u001b[33m=>\u001b[39m {\n     \u001b[90m 31 |\u001b[39m     \u001b[36mlet\u001b[39m app\u001b[33m;\u001b[39m\u001b[0m\n\n      at Runtime.linkAndEvaluateModule (node_modules/jest-runtime/build/index.js:708:5)\n      at tests/ai.routes.test.js:28:19\n","name":"C:\\Users\\Fabricio.Marcaccini\\Desktop\\lan\\backend\\tests\\ai.routes.test.js","startTime":1772630998610,"status":"failed","summary":""}],"wasInterrupted":false}
